生成启动时间为 2019/8/1 9:35:46。
     1>项目“C:\Users\engl\Documents\Visual Studio 2010\Projects\c++\ttttt\ttttt\ttttt.vcxproj”在节点 2 上(build 个目标)。
     1>InitializeBuildStatus:
         正在创建“Debug\ttttt.unsuccessfulbuild”，因为已指定“AlwaysCreate”。
       ClCompile:
         C:\Program Files (x86)\Microsoft Visual Studio 10.0\VC\bin\CL.exe /c /ZI /nologo /W3 /WX- /Od /Oy- /D WIN32 /D _DEBUG /D _CONSOLE /D _UNICODE /D UNICODE /Gm /EHsc /RTC1 /MDd /GS /fp:precise /Zc:wchar_t /Zc:forScope /Fo"Debug\\" /Fd"Debug\vc100.pdb" /Gd /TP /analyze- /errorReport:prompt "进制转换.cpp"
         进制转换.cpp
       ManifestResourceCompile:
         所有输出均为最新。
       Link:
         C:\Program Files (x86)\Microsoft Visual Studio 10.0\VC\bin\link.exe /ERRORREPORT:PROMPT /OUT:"C:\Users\engl\Documents\Visual Studio 2010\Projects\c++\ttttt\Debug\ttttt.exe" /INCREMENTAL /NOLOGO kernel32.lib user32.lib gdi32.lib winspool.lib comdlg32.lib advapi32.lib shell32.lib ole32.lib oleaut32.lib uuid.lib odbc32.lib odbccp32.lib /MANIFEST /ManifestFile:"Debug\ttttt.exe.intermediate.manifest" /MANIFESTUAC:"level='asInvoker' uiAccess='false'" /DEBUG /PDB:"C:\Users\engl\Documents\Visual Studio 2010\Projects\c++\ttttt\Debug\ttttt.pdb" /SUBSYSTEM:CONSOLE /TLBID:1 /DYNAMICBASE /NXCOMPAT /IMPLIB:"C:\Users\engl\Documents\Visual Studio 2010\Projects\c++\ttttt\Debug\ttttt.lib" /MACHINE:X86 Debug\ttttt.exe.embed.manifest.res
         "Debug\俄罗斯方块.obj"
         "Debug\合并排序数组.obj"
         "Debug\合并有序链表.obj"
         "Debug\好数.obj"
         "Debug\字符串加法.obj"
         "Debug\字符串包含.obj"
         "Debug\字符串压缩.obj"
         "Debug\字符串归一化.obj"
         "Debug\字符串排序.obj"
         "Debug\字符串相乘.obj"
         "Debug\推倒骨牌.obj"
         "Debug\整数倒序.obj"
         "Debug\方格走法.obj"
         "Debug\最长回文子串.obj"
         "Debug\查找数组众数.obj"
         "Debug\查找第k大的元素.obj"
         "Debug\比特币最佳购买时机.obj"
         "Debug\矩阵查数.obj"
         "Debug\考勤奖励.obj"
         "Debug\今年的第几天.obj"
         "Debug\跳格子.obj"
         "Debug\输出指定长度子串.obj"
         "Debug\进制转换.obj"
       Manifest:
         C:\Program Files (x86)\Microsoft SDKs\Windows\v7.0A\bin\mt.exe /nologo /verbose /out:"Debug\ttttt.exe.embed.manifest" /manifest Debug\ttttt.exe.intermediate.manifest
         所有输出均为最新。
       LinkEmbedManifest:
         所有输出均为最新。
         ttttt.vcxproj -> C:\Users\engl\Documents\Visual Studio 2010\Projects\c++\ttttt\Debug\ttttt.exe
       FinalizeBuildStatus:
         正在删除文件“Debug\ttttt.unsuccessfulbuild”。
         正在对“Debug\ttttt.lastbuildstate”执行 Touch 任务。
     1>已完成生成项目“C:\Users\engl\Documents\Visual Studio 2010\Projects\c++\ttttt\ttttt\ttttt.vcxproj”(build 个目标)的操作。

生成成功。

已用时间 00:00:01.34
