C:\USERS\ENGL\DOCUMENTS\VISUAL STUDIO 2010\PROJECTS\C++\TTTTT\DEBUG\TTTTT.EXE
C:\USERS\ENGL\DOCUMENTS\VISUAL STUDIO 2010\PROJECTS\C++\TTTTT\DEBUG\TTTTT.ILK
C:\USERS\ENGL\DOCUMENTS\VISUAL STUDIO 2010\PROJECTS\C++\TTTTT\DEBUG\TTTTT.PDB
C:\Users\engl\Documents\Visual Studio 2010\Projects\c++\ttttt\ttttt\Debug\cl.command.1.tlog
C:\Users\engl\Documents\Visual Studio 2010\Projects\c++\ttttt\ttttt\Debug\CL.read.1.tlog
C:\Users\engl\Documents\Visual Studio 2010\Projects\c++\ttttt\ttttt\Debug\CL.write.1.tlog
C:\Users\engl\Documents\Visual Studio 2010\Projects\c++\ttttt\ttttt\Debug\link.11096.read.1.tlog
C:\Users\engl\Documents\Visual Studio 2010\Projects\c++\ttttt\ttttt\Debug\link.11096.write.1.tlog
C:\Users\engl\Documents\Visual Studio 2010\Projects\c++\ttttt\ttttt\Debug\link.11096-cvtres.read.1.tlog
C:\Users\engl\Documents\Visual Studio 2010\Projects\c++\ttttt\ttttt\Debug\link.11096-cvtres.write.1.tlog
C:\Users\engl\Documents\Visual Studio 2010\Projects\c++\ttttt\ttttt\Debug\link.11204.read.1.tlog
C:\Users\engl\Documents\Visual Studio 2010\Projects\c++\ttttt\ttttt\Debug\link.11204.write.1.tlog
C:\Users\engl\Documents\Visual Studio 2010\Projects\c++\ttttt\ttttt\Debug\link.11204-cvtres.read.1.tlog
C:\Users\engl\Documents\Visual Studio 2010\Projects\c++\ttttt\ttttt\Debug\link.11204-cvtres.write.1.tlog
C:\Users\engl\Documents\Visual Studio 2010\Projects\c++\ttttt\ttttt\Debug\link.11328.read.1.tlog
C:\Users\engl\Documents\Visual Studio 2010\Projects\c++\ttttt\ttttt\Debug\link.11328.write.1.tlog
C:\Users\engl\Documents\Visual Studio 2010\Projects\c++\ttttt\ttttt\Debug\link.11328-cvtres.read.1.tlog
C:\Users\engl\Documents\Visual Studio 2010\Projects\c++\ttttt\ttttt\Debug\link.11328-cvtres.write.1.tlog
C:\Users\engl\Documents\Visual Studio 2010\Projects\c++\ttttt\ttttt\Debug\link.12692.read.1.tlog
C:\Users\engl\Documents\Visual Studio 2010\Projects\c++\ttttt\ttttt\Debug\link.12692.write.1.tlog
C:\Users\engl\Documents\Visual Studio 2010\Projects\c++\ttttt\ttttt\Debug\link.12692-cvtres.read.1.tlog
C:\Users\engl\Documents\Visual Studio 2010\Projects\c++\ttttt\ttttt\Debug\link.12692-cvtres.write.1.tlog
C:\Users\engl\Documents\Visual Studio 2010\Projects\c++\ttttt\ttttt\Debug\link.12756.read.1.tlog
C:\Users\engl\Documents\Visual Studio 2010\Projects\c++\ttttt\ttttt\Debug\link.12756.write.1.tlog
C:\Users\engl\Documents\Visual Studio 2010\Projects\c++\ttttt\ttttt\Debug\link.12756-cvtres.read.1.tlog
C:\Users\engl\Documents\Visual Studio 2010\Projects\c++\ttttt\ttttt\Debug\link.12756-cvtres.write.1.tlog
C:\Users\engl\Documents\Visual Studio 2010\Projects\c++\ttttt\ttttt\Debug\link.14588.read.1.tlog
C:\Users\engl\Documents\Visual Studio 2010\Projects\c++\ttttt\ttttt\Debug\link.14588.write.1.tlog
C:\Users\engl\Documents\Visual Studio 2010\Projects\c++\ttttt\ttttt\Debug\link.14588-cvtres.read.1.tlog
C:\Users\engl\Documents\Visual Studio 2010\Projects\c++\ttttt\ttttt\Debug\link.14588-cvtres.write.1.tlog
C:\Users\engl\Documents\Visual Studio 2010\Projects\c++\ttttt\ttttt\Debug\link.14908.read.1.tlog
C:\Users\engl\Documents\Visual Studio 2010\Projects\c++\ttttt\ttttt\Debug\link.14908.write.1.tlog
C:\Users\engl\Documents\Visual Studio 2010\Projects\c++\ttttt\ttttt\Debug\link.14908-cvtres.read.1.tlog
C:\Users\engl\Documents\Visual Studio 2010\Projects\c++\ttttt\ttttt\Debug\link.14908-cvtres.write.1.tlog
C:\Users\engl\Documents\Visual Studio 2010\Projects\c++\ttttt\ttttt\Debug\link.15064.read.1.tlog
C:\Users\engl\Documents\Visual Studio 2010\Projects\c++\ttttt\ttttt\Debug\link.15064.write.1.tlog
C:\Users\engl\Documents\Visual Studio 2010\Projects\c++\ttttt\ttttt\Debug\link.15064-cvtres.read.1.tlog
C:\Users\engl\Documents\Visual Studio 2010\Projects\c++\ttttt\ttttt\Debug\link.15064-cvtres.write.1.tlog
C:\Users\engl\Documents\Visual Studio 2010\Projects\c++\ttttt\ttttt\Debug\link.15384.read.1.tlog
C:\Users\engl\Documents\Visual Studio 2010\Projects\c++\ttttt\ttttt\Debug\link.15384.write.1.tlog
C:\Users\engl\Documents\Visual Studio 2010\Projects\c++\ttttt\ttttt\Debug\link.15384-cvtres.read.1.tlog
C:\Users\engl\Documents\Visual Studio 2010\Projects\c++\ttttt\ttttt\Debug\link.15384-cvtres.write.1.tlog
C:\Users\engl\Documents\Visual Studio 2010\Projects\c++\ttttt\ttttt\Debug\link.17908.read.1.tlog
C:\Users\engl\Documents\Visual Studio 2010\Projects\c++\ttttt\ttttt\Debug\link.17908.write.1.tlog
C:\Users\engl\Documents\Visual Studio 2010\Projects\c++\ttttt\ttttt\Debug\link.17908-cvtres.read.1.tlog
C:\Users\engl\Documents\Visual Studio 2010\Projects\c++\ttttt\ttttt\Debug\link.17908-cvtres.write.1.tlog
C:\Users\engl\Documents\Visual Studio 2010\Projects\c++\ttttt\ttttt\Debug\link.17916.read.1.tlog
C:\Users\engl\Documents\Visual Studio 2010\Projects\c++\ttttt\ttttt\Debug\link.17916.write.1.tlog
C:\Users\engl\Documents\Visual Studio 2010\Projects\c++\ttttt\ttttt\Debug\link.17916-cvtres.read.1.tlog
C:\Users\engl\Documents\Visual Studio 2010\Projects\c++\ttttt\ttttt\Debug\link.17916-cvtres.write.1.tlog
C:\Users\engl\Documents\Visual Studio 2010\Projects\c++\ttttt\ttttt\Debug\link.18020.read.1.tlog
C:\Users\engl\Documents\Visual Studio 2010\Projects\c++\ttttt\ttttt\Debug\link.18020.write.1.tlog
C:\Users\engl\Documents\Visual Studio 2010\Projects\c++\ttttt\ttttt\Debug\link.18020-cvtres.read.1.tlog
C:\Users\engl\Documents\Visual Studio 2010\Projects\c++\ttttt\ttttt\Debug\link.18020-cvtres.write.1.tlog
C:\Users\engl\Documents\Visual Studio 2010\Projects\c++\ttttt\ttttt\Debug\link.18236.read.1.tlog
C:\Users\engl\Documents\Visual Studio 2010\Projects\c++\ttttt\ttttt\Debug\link.18236.write.1.tlog
C:\Users\engl\Documents\Visual Studio 2010\Projects\c++\ttttt\ttttt\Debug\link.18236-cvtres.read.1.tlog
C:\Users\engl\Documents\Visual Studio 2010\Projects\c++\ttttt\ttttt\Debug\link.18236-cvtres.write.1.tlog
C:\Users\engl\Documents\Visual Studio 2010\Projects\c++\ttttt\ttttt\Debug\link.2140.read.1.tlog
C:\Users\engl\Documents\Visual Studio 2010\Projects\c++\ttttt\ttttt\Debug\link.2140.write.1.tlog
C:\Users\engl\Documents\Visual Studio 2010\Projects\c++\ttttt\ttttt\Debug\link.2140-cvtres.read.1.tlog
C:\Users\engl\Documents\Visual Studio 2010\Projects\c++\ttttt\ttttt\Debug\link.2140-cvtres.write.1.tlog
C:\Users\engl\Documents\Visual Studio 2010\Projects\c++\ttttt\ttttt\Debug\link.5328.read.1.tlog
C:\Users\engl\Documents\Visual Studio 2010\Projects\c++\ttttt\ttttt\Debug\link.5328.write.1.tlog
C:\Users\engl\Documents\Visual Studio 2010\Projects\c++\ttttt\ttttt\Debug\link.5328-cvtres.read.1.tlog
C:\Users\engl\Documents\Visual Studio 2010\Projects\c++\ttttt\ttttt\Debug\link.5328-cvtres.write.1.tlog
C:\Users\engl\Documents\Visual Studio 2010\Projects\c++\ttttt\ttttt\Debug\link.9704.read.1.tlog
C:\Users\engl\Documents\Visual Studio 2010\Projects\c++\ttttt\ttttt\Debug\link.9704.write.1.tlog
C:\Users\engl\Documents\Visual Studio 2010\Projects\c++\ttttt\ttttt\Debug\link.9704-cvtres.read.1.tlog
C:\Users\engl\Documents\Visual Studio 2010\Projects\c++\ttttt\ttttt\Debug\link.9704-cvtres.write.1.tlog
C:\Users\engl\Documents\Visual Studio 2010\Projects\c++\ttttt\ttttt\Debug\link.command.1.tlog
C:\Users\engl\Documents\Visual Studio 2010\Projects\c++\ttttt\ttttt\Debug\link.read.1.tlog
C:\Users\engl\Documents\Visual Studio 2010\Projects\c++\ttttt\ttttt\Debug\link.write.1.tlog
C:\Users\engl\Documents\Visual Studio 2010\Projects\c++\ttttt\ttttt\Debug\link-cvtres.read.1.tlog
C:\Users\engl\Documents\Visual Studio 2010\Projects\c++\ttttt\ttttt\Debug\link-cvtres.write.1.tlog
C:\Users\engl\Documents\Visual Studio 2010\Projects\c++\ttttt\ttttt\Debug\mt.command.1.tlog
C:\Users\engl\Documents\Visual Studio 2010\Projects\c++\ttttt\ttttt\Debug\mt.read.1.tlog
C:\Users\engl\Documents\Visual Studio 2010\Projects\c++\ttttt\ttttt\Debug\mt.write.1.tlog
C:\Users\engl\Documents\Visual Studio 2010\Projects\c++\ttttt\ttttt\Debug\rc.command.1.tlog
C:\Users\engl\Documents\Visual Studio 2010\Projects\c++\ttttt\ttttt\Debug\rc.read.1.tlog
C:\Users\engl\Documents\Visual Studio 2010\Projects\c++\ttttt\ttttt\Debug\rc.write.1.tlog
C:\USERS\ENGL\DOCUMENTS\VISUAL STUDIO 2010\PROJECTS\C++\TTTTT\TTTTT\DEBUG\TTTTT.EXE.EMBED.MANIFEST
C:\USERS\ENGL\DOCUMENTS\VISUAL STUDIO 2010\PROJECTS\C++\TTTTT\TTTTT\DEBUG\TTTTT.EXE.EMBED.MANIFEST.RES
C:\USERS\ENGL\DOCUMENTS\VISUAL STUDIO 2010\PROJECTS\C++\TTTTT\TTTTT\DEBUG\TTTTT.EXE.INTERMEDIATE.MANIFEST
C:\Users\engl\Documents\Visual Studio 2010\Projects\c++\ttttt\ttttt\Debug\ttttt.vcxprojResolveAssemblyReference.cache
C:\Users\engl\Documents\Visual Studio 2010\Projects\c++\ttttt\ttttt\Debug\ttttt.write.1.tlog
C:\Users\engl\Documents\Visual Studio 2010\Projects\c++\ttttt\ttttt\Debug\ttttt_manifest.rc
C:\Users\engl\Documents\Visual Studio 2010\Projects\c++\ttttt\ttttt\Debug\vc100.idb
C:\USERS\ENGL\DOCUMENTS\VISUAL STUDIO 2010\PROJECTS\C++\TTTTT\TTTTT\DEBUG\VC100.PDB
C:\USERS\ENGL\DOCUMENTS\VISUAL STUDIO 2010\PROJECTS\C++\TTTTT\TTTTT\DEBUG\比特币最佳购买时机.OBJ
C:\USERS\ENGL\DOCUMENTS\VISUAL STUDIO 2010\PROJECTS\C++\TTTTT\TTTTT\DEBUG\查找数组众数.OBJ
C:\USERS\ENGL\DOCUMENTS\VISUAL STUDIO 2010\PROJECTS\C++\TTTTT\TTTTT\DEBUG\俄罗斯方块.OBJ
C:\USERS\ENGL\DOCUMENTS\VISUAL STUDIO 2010\PROJECTS\C++\TTTTT\TTTTT\DEBUG\方格走法.OBJ
C:\USERS\ENGL\DOCUMENTS\VISUAL STUDIO 2010\PROJECTS\C++\TTTTT\TTTTT\DEBUG\好数.OBJ
C:\USERS\ENGL\DOCUMENTS\VISUAL STUDIO 2010\PROJECTS\C++\TTTTT\TTTTT\DEBUG\合并排序数组.OBJ
C:\USERS\ENGL\DOCUMENTS\VISUAL STUDIO 2010\PROJECTS\C++\TTTTT\TTTTT\DEBUG\合并有序链表.OBJ
C:\USERS\ENGL\DOCUMENTS\VISUAL STUDIO 2010\PROJECTS\C++\TTTTT\TTTTT\DEBUG\解析加减运算.OBJ
C:\USERS\ENGL\DOCUMENTS\VISUAL STUDIO 2010\PROJECTS\C++\TTTTT\TTTTT\DEBUG\今年的第几天.OBJ
C:\USERS\ENGL\DOCUMENTS\VISUAL STUDIO 2010\PROJECTS\C++\TTTTT\TTTTT\DEBUG\考勤奖励.OBJ
C:\USERS\ENGL\DOCUMENTS\VISUAL STUDIO 2010\PROJECTS\C++\TTTTT\TTTTT\DEBUG\输出指定长度子串.OBJ
C:\USERS\ENGL\DOCUMENTS\VISUAL STUDIO 2010\PROJECTS\C++\TTTTT\TTTTT\DEBUG\跳格子.OBJ
C:\USERS\ENGL\DOCUMENTS\VISUAL STUDIO 2010\PROJECTS\C++\TTTTT\TTTTT\DEBUG\推倒骨牌.OBJ
C:\USERS\ENGL\DOCUMENTS\VISUAL STUDIO 2010\PROJECTS\C++\TTTTT\TTTTT\DEBUG\整数倒序.OBJ
C:\USERS\ENGL\DOCUMENTS\VISUAL STUDIO 2010\PROJECTS\C++\TTTTT\TTTTT\DEBUG\字符串包含.OBJ
C:\USERS\ENGL\DOCUMENTS\VISUAL STUDIO 2010\PROJECTS\C++\TTTTT\TTTTT\DEBUG\字符串归一化.OBJ
C:\USERS\ENGL\DOCUMENTS\VISUAL STUDIO 2010\PROJECTS\C++\TTTTT\TTTTT\DEBUG\字符串加法.OBJ
C:\USERS\ENGL\DOCUMENTS\VISUAL STUDIO 2010\PROJECTS\C++\TTTTT\TTTTT\DEBUG\字符串排序.OBJ
C:\USERS\ENGL\DOCUMENTS\VISUAL STUDIO 2010\PROJECTS\C++\TTTTT\TTTTT\DEBUG\字符串压缩.OBJ
C:\USERS\ENGL\DOCUMENTS\VISUAL STUDIO 2010\PROJECTS\C++\TTTTT\TTTTT\DEBUG\最长回文子串.OBJ
